The system is: Linux - 3.13.0-74-generic - x86_64
Compiling the C compiler identification source file "CMakeCCompilerId.c" succeeded.
Compiler: /home/dsand/Install/llvm.release.install/bin/clang 
Build flags: 
Id flags: 

The output was:
0


Compilation of the C compiler identification source "CMakeCCompilerId.c" produced "a.out"

The C compiler identification is Clang, found in "/home/dsand/Junk/test-suite/build/CMakeFiles/3.6.1/CompilerIdC/a.out"

Compiling the CXX compiler identification source file "CMakeCXXCompilerId.cpp" succeeded.
Compiler: /home/dsand/Install/llvm.release.install/bin/clang++ 
Build flags: 
Id flags: 

The output was:
0


Compilation of the CXX compiler identification source "CMakeCXXCompilerId.cpp" produced "a.out"

The CXX compiler identification is Clang, found in "/home/dsand/Junk/test-suite/build/CMakeFiles/3.6.1/CompilerIdCXX/a.out"

Determining if the C compiler works passed with the following output:
Change Dir: /home/dsand/Junk/test-suite/build/CMakeFiles/CMakeTmp

Run Build Command:"/usr/bin/make" "cmTC_22ea6/fast"
/usr/bin/make -f CMakeFiles/cmTC_22ea6.dir/build.make CMakeFiles/cmTC_22ea6.dir/build
make[1]: Entering directory `/home/dsand/Junk/test-suite/build/CMakeFiles/CMakeTmp'
Building C object CMakeFiles/cmTC_22ea6.dir/testCCompiler.c.o
/home/dsand/Install/llvm.release.install/bin/clang     -o CMakeFiles/cmTC_22ea6.dir/testCCompiler.c.o   -c /home/dsand/Junk/test-suite/build/CMakeFiles/CMakeTmp/testCCompiler.c
Linking C executable cmTC_22ea6
/home/dsand/Install/cmake/bin/cmake -E cmake_link_script CMakeFiles/cmTC_22ea6.dir/link.txt --verbose=1
/home/dsand/Install/llvm.release.install/bin/clang       CMakeFiles/cmTC_22ea6.dir/testCCompiler.c.o  -o cmTC_22ea6 
make[1]: Leaving directory `/home/dsand/Junk/test-suite/build/CMakeFiles/CMakeTmp'


Detecting C compiler ABI info compiled with the following output:
Change Dir: /home/dsand/Junk/test-suite/build/CMakeFiles/CMakeTmp

Run Build Command:"/usr/bin/make" "cmTC_c7596/fast"
/usr/bin/make -f CMakeFiles/cmTC_c7596.dir/build.make CMakeFiles/cmTC_c7596.dir/build
make[1]: Entering directory `/home/dsand/Junk/test-suite/build/CMakeFiles/CMakeTmp'
Building C object CMakeFiles/cmTC_c7596.dir/CMakeCCompilerABI.c.o
/home/dsand/Install/llvm.release.install/bin/clang     -o CMakeFiles/cmTC_c7596.dir/CMakeCCompilerABI.c.o   -c /home/dsand/Install/cmake/share/cmake-3.6/Modules/CMakeCCompilerABI.c
Linking C executable cmTC_c7596
/home/dsand/Install/cmake/bin/cmake -E cmake_link_script CMakeFiles/cmTC_c7596.dir/link.txt --verbose=1
/home/dsand/Install/llvm.release.install/bin/clang      -v CMakeFiles/cmTC_c7596.dir/CMakeCCompilerABI.c.o  -o cmTC_c7596  
clang version 4.0.0 (git@github.com:llvm-mirror/clang.git 147b50f9a6934437647b4ba021697b9d83ec5644) (https://github.com/llvm-mirror/llvm.git 0d8c32f076b2366e7c9690044dc8f833d6ed0841)
Target: x86_64-unknown-linux-gnu
Thread model: posix
InstalledDir: /home/dsand/Install/llvm.release.install/bin
Found candidate GCC installation: /usr/lib/gcc/i686-linux-gnu/4.8
Found candidate GCC installation: /usr/lib/gcc/i686-linux-gnu/4.8.4
Found candidate GCC installation: /usr/lib/gcc/i686-linux-gnu/4.9
Found candidate GCC installation: /usr/lib/gcc/i686-linux-gnu/4.9.1
Found candidate GCC installation: /usr/lib/gcc/x86_64-linux-gnu/4.6
Found candidate GCC installation: /usr/lib/gcc/x86_64-linux-gnu/4.6.4
Found candidate GCC installation: /usr/lib/gcc/x86_64-linux-gnu/4.8
Found candidate GCC installation: /usr/lib/gcc/x86_64-linux-gnu/4.8.4
Found candidate GCC installation: /usr/lib/gcc/x86_64-linux-gnu/4.9
Found candidate GCC installation: /usr/lib/gcc/x86_64-linux-gnu/4.9.1
Selected GCC installation: /usr/lib/gcc/x86_64-linux-gnu/4.8
Candidate multilib: .;@m64
Candidate multilib: 32;@m32
Candidate multilib: x32;@mx32
Selected multilib: .;@m64
 "/usr/bin/ld" -z relro --hash-style=gnu --eh-frame-hdr -m elf_x86_64 -dynamic-linker /lib64/ld-linux-x86-64.so.2 -o cmTC_c7596 /usr/lib/gcc/x86_64-linux-gnu/4.8/../../../x86_64-linux-gnu/crt1.o /usr/lib/gcc/x86_64-linux-gnu/4.8/../../../x86_64-linux-gnu/crti.o /usr/lib/gcc/x86_64-linux-gnu/4.8/crtbegin.o -L/usr/lib/gcc/x86_64-linux-gnu/4.8 -L/usr/lib/gcc/x86_64-linux-gnu/4.8/../../../x86_64-linux-gnu -L/lib/x86_64-linux-gnu -L/lib/../lib64 -L/usr/lib/x86_64-linux-gnu -L/usr/lib/gcc/x86_64-linux-gnu/4.8/../../.. -L/home/dsand/Install/llvm.release.install/bin/../lib -L/lib -L/usr/lib CMakeFiles/cmTC_c7596.dir/CMakeCCompilerABI.c.o -lgcc --as-needed -lgcc_s --no-as-needed -lc -lgcc --as-needed -lgcc_s --no-as-needed /usr/lib/gcc/x86_64-linux-gnu/4.8/crtend.o /usr/lib/gcc/x86_64-linux-gnu/4.8/../../../x86_64-linux-gnu/crtn.o
make[1]: Leaving directory `/home/dsand/Junk/test-suite/build/CMakeFiles/CMakeTmp'


Parsed C implicit link information from above output:
  link line regex: [^( *|.*[/\])(ld|([^/\]+-)?ld|collect2)[^/\]*( |$)]
  ignore line: [Change Dir: /home/dsand/Junk/test-suite/build/CMakeFiles/CMakeTmp]
  ignore line: []
  ignore line: [Run Build Command:"/usr/bin/make" "cmTC_c7596/fast"]
  ignore line: [/usr/bin/make -f CMakeFiles/cmTC_c7596.dir/build.make CMakeFiles/cmTC_c7596.dir/build]
  ignore line: [make[1]: Entering directory `/home/dsand/Junk/test-suite/build/CMakeFiles/CMakeTmp']
  ignore line: [Building C object CMakeFiles/cmTC_c7596.dir/CMakeCCompilerABI.c.o]
  ignore line: [/home/dsand/Install/llvm.release.install/bin/clang     -o CMakeFiles/cmTC_c7596.dir/CMakeCCompilerABI.c.o   -c /home/dsand/Install/cmake/share/cmake-3.6/Modules/CMakeCCompilerABI.c]
  ignore line: [Linking C executable cmTC_c7596]
  ignore line: [/home/dsand/Install/cmake/bin/cmake -E cmake_link_script CMakeFiles/cmTC_c7596.dir/link.txt --verbose=1]
  ignore line: [/home/dsand/Install/llvm.release.install/bin/clang      -v CMakeFiles/cmTC_c7596.dir/CMakeCCompilerABI.c.o  -o cmTC_c7596  ]
  ignore line: [clang version 4.0.0 (git@github.com:llvm-mirror/clang.git 147b50f9a6934437647b4ba021697b9d83ec5644) (https://github.com/llvm-mirror/llvm.git 0d8c32f076b2366e7c9690044dc8f833d6ed0841)]
  ignore line: [Target: x86_64-unknown-linux-gnu]
  ignore line: [Thread model: posix]
  ignore line: [InstalledDir: /home/dsand/Install/llvm.release.install/bin]
  ignore line: [Found candidate GCC installation: /usr/lib/gcc/i686-linux-gnu/4.8]
  ignore line: [Found candidate GCC installation: /usr/lib/gcc/i686-linux-gnu/4.8.4]
  ignore line: [Found candidate GCC installation: /usr/lib/gcc/i686-linux-gnu/4.9]
  ignore line: [Found candidate GCC installation: /usr/lib/gcc/i686-linux-gnu/4.9.1]
  ignore line: [Found candidate GCC installation: /usr/lib/gcc/x86_64-linux-gnu/4.6]
  ignore line: [Found candidate GCC installation: /usr/lib/gcc/x86_64-linux-gnu/4.6.4]
  ignore line: [Found candidate GCC installation: /usr/lib/gcc/x86_64-linux-gnu/4.8]
  ignore line: [Found candidate GCC installation: /usr/lib/gcc/x86_64-linux-gnu/4.8.4]
  ignore line: [Found candidate GCC installation: /usr/lib/gcc/x86_64-linux-gnu/4.9]
  ignore line: [Found candidate GCC installation: /usr/lib/gcc/x86_64-linux-gnu/4.9.1]
  ignore line: [Selected GCC installation: /usr/lib/gcc/x86_64-linux-gnu/4.8]
  ignore line: [Candidate multilib: .]
  ignore line: [@m64]
  ignore line: [Candidate multilib: 32]
  ignore line: [@m32]
  ignore line: [Candidate multilib: x32]
  ignore line: [@mx32]
  ignore line: [Selected multilib: .]
  ignore line: [@m64]
  link line: [ "/usr/bin/ld" -z relro --hash-style=gnu --eh-frame-hdr -m elf_x86_64 -dynamic-linker /lib64/ld-linux-x86-64.so.2 -o cmTC_c7596 /usr/lib/gcc/x86_64-linux-gnu/4.8/../../../x86_64-linux-gnu/crt1.o /usr/lib/gcc/x86_64-linux-gnu/4.8/../../../x86_64-linux-gnu/crti.o /usr/lib/gcc/x86_64-linux-gnu/4.8/crtbegin.o -L/usr/lib/gcc/x86_64-linux-gnu/4.8 -L/usr/lib/gcc/x86_64-linux-gnu/4.8/../../../x86_64-linux-gnu -L/lib/x86_64-linux-gnu -L/lib/../lib64 -L/usr/lib/x86_64-linux-gnu -L/usr/lib/gcc/x86_64-linux-gnu/4.8/../../.. -L/home/dsand/Install/llvm.release.install/bin/../lib -L/lib -L/usr/lib CMakeFiles/cmTC_c7596.dir/CMakeCCompilerABI.c.o -lgcc --as-needed -lgcc_s --no-as-needed -lc -lgcc --as-needed -lgcc_s --no-as-needed /usr/lib/gcc/x86_64-linux-gnu/4.8/crtend.o /usr/lib/gcc/x86_64-linux-gnu/4.8/../../../x86_64-linux-gnu/crtn.o]
    arg [/usr/bin/ld] ==> ignore
    arg [-zrelro] ==> ignore
    arg [--hash-style=gnu] ==> ignore
    arg [--eh-frame-hdr] ==> ignore
    arg [-m] ==> ignore
    arg [elf_x86_64] ==> ignore
    arg [-dynamic-linker] ==> ignore
    arg [/lib64/ld-linux-x86-64.so.2] ==> ignore
    arg [-o] ==> ignore
    arg [cmTC_c7596] ==> ignore
    arg [/usr/lib/gcc/x86_64-linux-gnu/4.8/../../../x86_64-linux-gnu/crt1.o] ==> ignore
    arg [/usr/lib/gcc/x86_64-linux-gnu/4.8/../../../x86_64-linux-gnu/crti.o] ==> ignore
    arg [/usr/lib/gcc/x86_64-linux-gnu/4.8/crtbegin.o] ==> ignore
    arg [-L/usr/lib/gcc/x86_64-linux-gnu/4.8] ==> dir [/usr/lib/gcc/x86_64-linux-gnu/4.8]
    arg [-L/usr/lib/gcc/x86_64-linux-gnu/4.8/../../../x86_64-linux-gnu] ==> dir [/usr/lib/gcc/x86_64-linux-gnu/4.8/../../../x86_64-linux-gnu]
    arg [-L/lib/x86_64-linux-gnu] ==> dir [/lib/x86_64-linux-gnu]
    arg [-L/lib/../lib64] ==> dir [/lib/../lib64]
    arg [-L/usr/lib/x86_64-linux-gnu] ==> dir [/usr/lib/x86_64-linux-gnu]
    arg [-L/usr/lib/gcc/x86_64-linux-gnu/4.8/../../..] ==> dir [/usr/lib/gcc/x86_64-linux-gnu/4.8/../../..]
    arg [-L/home/dsand/Install/llvm.release.install/bin/../lib] ==> dir [/home/dsand/Install/llvm.release.install/bin/../lib]
    arg [-L/lib] ==> dir [/lib]
    arg [-L/usr/lib] ==> dir [/usr/lib]
    arg [CMakeFiles/cmTC_c7596.dir/CMakeCCompilerABI.c.o] ==> ignore
    arg [-lgcc] ==> lib [gcc]
    arg [--as-needed] ==> ignore
    arg [-lgcc_s] ==> lib [gcc_s]
    arg [--no-as-needed] ==> ignore
    arg [-lc] ==> lib [c]
    arg [-lgcc] ==> lib [gcc]
    arg [--as-needed] ==> ignore
    arg [-lgcc_s] ==> lib [gcc_s]
    arg [--no-as-needed] ==> ignore
    arg [/usr/lib/gcc/x86_64-linux-gnu/4.8/crtend.o] ==> ignore
    arg [/usr/lib/gcc/x86_64-linux-gnu/4.8/../../../x86_64-linux-gnu/crtn.o] ==> ignore
  remove lib [gcc]
  remove lib [gcc_s]
  remove lib [gcc]
  remove lib [gcc_s]
  collapse library dir [/usr/lib/gcc/x86_64-linux-gnu/4.8] ==> [/usr/lib/gcc/x86_64-linux-gnu/4.8]
  collapse library dir [/usr/lib/gcc/x86_64-linux-gnu/4.8/../../../x86_64-linux-gnu] ==> [/usr/lib/x86_64-linux-gnu]
  collapse library dir [/lib/x86_64-linux-gnu] ==> [/lib/x86_64-linux-gnu]
  collapse library dir [/lib/../lib64] ==> [/lib64]
  collapse library dir [/usr/lib/x86_64-linux-gnu] ==> [/usr/lib/x86_64-linux-gnu]
  collapse library dir [/usr/lib/gcc/x86_64-linux-gnu/4.8/../../..] ==> [/usr/lib]
  collapse library dir [/home/dsand/Install/llvm.release.install/bin/../lib] ==> [/home/dsand/Install/llvm.release.install/lib]
  collapse library dir [/lib] ==> [/lib]
  collapse library dir [/usr/lib] ==> [/usr/lib]
  implicit libs: [c]
  implicit dirs: [/usr/lib/gcc/x86_64-linux-gnu/4.8;/usr/lib/x86_64-linux-gnu;/lib/x86_64-linux-gnu;/lib64;/usr/lib;/home/dsand/Install/llvm.release.install/lib;/lib]
  implicit fwks: []




Detecting C [-std=c11] compiler features compiled with the following output:
Change Dir: /home/dsand/Junk/test-suite/build/CMakeFiles/CMakeTmp

Run Build Command:"/usr/bin/make" "cmTC_7f9d4/fast"
/usr/bin/make -f CMakeFiles/cmTC_7f9d4.dir/build.make CMakeFiles/cmTC_7f9d4.dir/build
make[1]: Entering directory `/home/dsand/Junk/test-suite/build/CMakeFiles/CMakeTmp'
Building C object CMakeFiles/cmTC_7f9d4.dir/feature_tests.c.o
/home/dsand/Install/llvm.release.install/bin/clang    -std=c11 -o CMakeFiles/cmTC_7f9d4.dir/feature_tests.c.o   -c /home/dsand/Junk/test-suite/build/CMakeFiles/feature_tests.c
Linking C executable cmTC_7f9d4
/home/dsand/Install/cmake/bin/cmake -E cmake_link_script CMakeFiles/cmTC_7f9d4.dir/link.txt --verbose=1
/home/dsand/Install/llvm.release.install/bin/clang       CMakeFiles/cmTC_7f9d4.dir/feature_tests.c.o  -o cmTC_7f9d4 
make[1]: Leaving directory `/home/dsand/Junk/test-suite/build/CMakeFiles/CMakeTmp'


    Feature record: C_FEATURE:1c_function_prototypes
    Feature record: C_FEATURE:1c_restrict
    Feature record: C_FEATURE:1c_static_assert
    Feature record: C_FEATURE:1c_variadic_macros


Detecting C [-std=c99] compiler features compiled with the following output:
Change Dir: /home/dsand/Junk/test-suite/build/CMakeFiles/CMakeTmp

Run Build Command:"/usr/bin/make" "cmTC_81b39/fast"
/usr/bin/make -f CMakeFiles/cmTC_81b39.dir/build.make CMakeFiles/cmTC_81b39.dir/build
make[1]: Entering directory `/home/dsand/Junk/test-suite/build/CMakeFiles/CMakeTmp'
Building C object CMakeFiles/cmTC_81b39.dir/feature_tests.c.o
/home/dsand/Install/llvm.release.install/bin/clang    -std=c99 -o CMakeFiles/cmTC_81b39.dir/feature_tests.c.o   -c /home/dsand/Junk/test-suite/build/CMakeFiles/feature_tests.c
Linking C executable cmTC_81b39
/home/dsand/Install/cmake/bin/cmake -E cmake_link_script CMakeFiles/cmTC_81b39.dir/link.txt --verbose=1
/home/dsand/Install/llvm.release.install/bin/clang       CMakeFiles/cmTC_81b39.dir/feature_tests.c.o  -o cmTC_81b39 
make[1]: Leaving directory `/home/dsand/Junk/test-suite/build/CMakeFiles/CMakeTmp'


    Feature record: C_FEATURE:1c_function_prototypes
    Feature record: C_FEATURE:1c_restrict
    Feature record: C_FEATURE:0c_static_assert
    Feature record: C_FEATURE:1c_variadic_macros


Detecting C [-std=c90] compiler features compiled with the following output:
Change Dir: /home/dsand/Junk/test-suite/build/CMakeFiles/CMakeTmp

Run Build Command:"/usr/bin/make" "cmTC_b5bdd/fast"
/usr/bin/make -f CMakeFiles/cmTC_b5bdd.dir/build.make CMakeFiles/cmTC_b5bdd.dir/build
make[1]: Entering directory `/home/dsand/Junk/test-suite/build/CMakeFiles/CMakeTmp'
Building C object CMakeFiles/cmTC_b5bdd.dir/feature_tests.c.o
/home/dsand/Install/llvm.release.install/bin/clang    -std=c90 -o CMakeFiles/cmTC_b5bdd.dir/feature_tests.c.o   -c /home/dsand/Junk/test-suite/build/CMakeFiles/feature_tests.c
Linking C executable cmTC_b5bdd
/home/dsand/Install/cmake/bin/cmake -E cmake_link_script CMakeFiles/cmTC_b5bdd.dir/link.txt --verbose=1
/home/dsand/Install/llvm.release.install/bin/clang       CMakeFiles/cmTC_b5bdd.dir/feature_tests.c.o  -o cmTC_b5bdd 
make[1]: Leaving directory `/home/dsand/Junk/test-suite/build/CMakeFiles/CMakeTmp'


    Feature record: C_FEATURE:1c_function_prototypes
    Feature record: C_FEATURE:0c_restrict
    Feature record: C_FEATURE:0c_static_assert
    Feature record: C_FEATURE:0c_variadic_macros
Determining if the CXX compiler works passed with the following output:
Change Dir: /home/dsand/Junk/test-suite/build/CMakeFiles/CMakeTmp

Run Build Command:"/usr/bin/make" "cmTC_6dc6f/fast"
/usr/bin/make -f CMakeFiles/cmTC_6dc6f.dir/build.make CMakeFiles/cmTC_6dc6f.dir/build
make[1]: Entering directory `/home/dsand/Junk/test-suite/build/CMakeFiles/CMakeTmp'
Building CXX object CMakeFiles/cmTC_6dc6f.dir/testCXXCompiler.cxx.o
/home/dsand/Install/llvm.release.install/bin/clang++      -o CMakeFiles/cmTC_6dc6f.dir/testCXXCompiler.cxx.o -c /home/dsand/Junk/test-suite/build/CMakeFiles/CMakeTmp/testCXXCompiler.cxx
Linking CXX executable cmTC_6dc6f
/home/dsand/Install/cmake/bin/cmake -E cmake_link_script CMakeFiles/cmTC_6dc6f.dir/link.txt --verbose=1
/home/dsand/Install/llvm.release.install/bin/clang++        CMakeFiles/cmTC_6dc6f.dir/testCXXCompiler.cxx.o  -o cmTC_6dc6f 
make[1]: Leaving directory `/home/dsand/Junk/test-suite/build/CMakeFiles/CMakeTmp'


Detecting CXX compiler ABI info compiled with the following output:
Change Dir: /home/dsand/Junk/test-suite/build/CMakeFiles/CMakeTmp

Run Build Command:"/usr/bin/make" "cmTC_0c6ed/fast"
/usr/bin/make -f CMakeFiles/cmTC_0c6ed.dir/build.make CMakeFiles/cmTC_0c6ed.dir/build
make[1]: Entering directory `/home/dsand/Junk/test-suite/build/CMakeFiles/CMakeTmp'
Building CXX object CMakeFiles/cmTC_0c6ed.dir/CMakeCXXCompilerABI.cpp.o
/home/dsand/Install/llvm.release.install/bin/clang++      -o CMakeFiles/cmTC_0c6ed.dir/CMakeCXXCompilerABI.cpp.o -c /home/dsand/Install/cmake/share/cmake-3.6/Modules/CMakeCXXCompilerABI.cpp
Linking CXX executable cmTC_0c6ed
/home/dsand/Install/cmake/bin/cmake -E cmake_link_script CMakeFiles/cmTC_0c6ed.dir/link.txt --verbose=1
/home/dsand/Install/llvm.release.install/bin/clang++       -v CMakeFiles/cmTC_0c6ed.dir/CMakeCXXCompilerABI.cpp.o  -o cmTC_0c6ed  
clang version 4.0.0 (git@github.com:llvm-mirror/clang.git 147b50f9a6934437647b4ba021697b9d83ec5644) (https://github.com/llvm-mirror/llvm.git 0d8c32f076b2366e7c9690044dc8f833d6ed0841)
Target: x86_64-unknown-linux-gnu
Thread model: posix
InstalledDir: /home/dsand/Install/llvm.release.install/bin
Found candidate GCC installation: /usr/lib/gcc/i686-linux-gnu/4.8
Found candidate GCC installation: /usr/lib/gcc/i686-linux-gnu/4.8.4
Found candidate GCC installation: /usr/lib/gcc/i686-linux-gnu/4.9
Found candidate GCC installation: /usr/lib/gcc/i686-linux-gnu/4.9.1
Found candidate GCC installation: /usr/lib/gcc/x86_64-linux-gnu/4.6
Found candidate GCC installation: /usr/lib/gcc/x86_64-linux-gnu/4.6.4
Found candidate GCC installation: /usr/lib/gcc/x86_64-linux-gnu/4.8
Found candidate GCC installation: /usr/lib/gcc/x86_64-linux-gnu/4.8.4
Found candidate GCC installation: /usr/lib/gcc/x86_64-linux-gnu/4.9
Found candidate GCC installation: /usr/lib/gcc/x86_64-linux-gnu/4.9.1
Selected GCC installation: /usr/lib/gcc/x86_64-linux-gnu/4.8
Candidate multilib: .;@m64
Candidate multilib: 32;@m32
Candidate multilib: x32;@mx32
Selected multilib: .;@m64
 "/usr/bin/ld" -z relro --hash-style=gnu --eh-frame-hdr -m elf_x86_64 -dynamic-linker /lib64/ld-linux-x86-64.so.2 -o cmTC_0c6ed /usr/lib/gcc/x86_64-linux-gnu/4.8/../../../x86_64-linux-gnu/crt1.o /usr/lib/gcc/x86_64-linux-gnu/4.8/../../../x86_64-linux-gnu/crti.o /usr/lib/gcc/x86_64-linux-gnu/4.8/crtbegin.o -L/usr/lib/gcc/x86_64-linux-gnu/4.8 -L/usr/lib/gcc/x86_64-linux-gnu/4.8/../../../x86_64-linux-gnu -L/lib/x86_64-linux-gnu -L/lib/../lib64 -L/usr/lib/x86_64-linux-gnu -L/usr/lib/gcc/x86_64-linux-gnu/4.8/../../.. -L/home/dsand/Install/llvm.release.install/bin/../lib -L/lib -L/usr/lib CMakeFiles/cmTC_0c6ed.dir/CMakeCXXCompilerABI.cpp.o -lstdc++ -lm -lgcc_s -lgcc -lc -lgcc_s -lgcc /usr/lib/gcc/x86_64-linux-gnu/4.8/crtend.o /usr/lib/gcc/x86_64-linux-gnu/4.8/../../../x86_64-linux-gnu/crtn.o
make[1]: Leaving directory `/home/dsand/Junk/test-suite/build/CMakeFiles/CMakeTmp'


Parsed CXX implicit link information from above output:
  link line regex: [^( *|.*[/\])(ld|([^/\]+-)?ld|collect2)[^/\]*( |$)]
  ignore line: [Change Dir: /home/dsand/Junk/test-suite/build/CMakeFiles/CMakeTmp]
  ignore line: []
  ignore line: [Run Build Command:"/usr/bin/make" "cmTC_0c6ed/fast"]
  ignore line: [/usr/bin/make -f CMakeFiles/cmTC_0c6ed.dir/build.make CMakeFiles/cmTC_0c6ed.dir/build]
  ignore line: [make[1]: Entering directory `/home/dsand/Junk/test-suite/build/CMakeFiles/CMakeTmp']
  ignore line: [Building CXX object CMakeFiles/cmTC_0c6ed.dir/CMakeCXXCompilerABI.cpp.o]
  ignore line: [/home/dsand/Install/llvm.release.install/bin/clang++      -o CMakeFiles/cmTC_0c6ed.dir/CMakeCXXCompilerABI.cpp.o -c /home/dsand/Install/cmake/share/cmake-3.6/Modules/CMakeCXXCompilerABI.cpp]
  ignore line: [Linking CXX executable cmTC_0c6ed]
  ignore line: [/home/dsand/Install/cmake/bin/cmake -E cmake_link_script CMakeFiles/cmTC_0c6ed.dir/link.txt --verbose=1]
  ignore line: [/home/dsand/Install/llvm.release.install/bin/clang++       -v CMakeFiles/cmTC_0c6ed.dir/CMakeCXXCompilerABI.cpp.o  -o cmTC_0c6ed  ]
  ignore line: [clang version 4.0.0 (git@github.com:llvm-mirror/clang.git 147b50f9a6934437647b4ba021697b9d83ec5644) (https://github.com/llvm-mirror/llvm.git 0d8c32f076b2366e7c9690044dc8f833d6ed0841)]
  ignore line: [Target: x86_64-unknown-linux-gnu]
  ignore line: [Thread model: posix]
  ignore line: [InstalledDir: /home/dsand/Install/llvm.release.install/bin]
  ignore line: [Found candidate GCC installation: /usr/lib/gcc/i686-linux-gnu/4.8]
  ignore line: [Found candidate GCC installation: /usr/lib/gcc/i686-linux-gnu/4.8.4]
  ignore line: [Found candidate GCC installation: /usr/lib/gcc/i686-linux-gnu/4.9]
  ignore line: [Found candidate GCC installation: /usr/lib/gcc/i686-linux-gnu/4.9.1]
  ignore line: [Found candidate GCC installation: /usr/lib/gcc/x86_64-linux-gnu/4.6]
  ignore line: [Found candidate GCC installation: /usr/lib/gcc/x86_64-linux-gnu/4.6.4]
  ignore line: [Found candidate GCC installation: /usr/lib/gcc/x86_64-linux-gnu/4.8]
  ignore line: [Found candidate GCC installation: /usr/lib/gcc/x86_64-linux-gnu/4.8.4]
  ignore line: [Found candidate GCC installation: /usr/lib/gcc/x86_64-linux-gnu/4.9]
  ignore line: [Found candidate GCC installation: /usr/lib/gcc/x86_64-linux-gnu/4.9.1]
  ignore line: [Selected GCC installation: /usr/lib/gcc/x86_64-linux-gnu/4.8]
  ignore line: [Candidate multilib: .]
  ignore line: [@m64]
  ignore line: [Candidate multilib: 32]
  ignore line: [@m32]
  ignore line: [Candidate multilib: x32]
  ignore line: [@mx32]
  ignore line: [Selected multilib: .]
  ignore line: [@m64]
  link line: [ "/usr/bin/ld" -z relro --hash-style=gnu --eh-frame-hdr -m elf_x86_64 -dynamic-linker /lib64/ld-linux-x86-64.so.2 -o cmTC_0c6ed /usr/lib/gcc/x86_64-linux-gnu/4.8/../../../x86_64-linux-gnu/crt1.o /usr/lib/gcc/x86_64-linux-gnu/4.8/../../../x86_64-linux-gnu/crti.o /usr/lib/gcc/x86_64-linux-gnu/4.8/crtbegin.o -L/usr/lib/gcc/x86_64-linux-gnu/4.8 -L/usr/lib/gcc/x86_64-linux-gnu/4.8/../../../x86_64-linux-gnu -L/lib/x86_64-linux-gnu -L/lib/../lib64 -L/usr/lib/x86_64-linux-gnu -L/usr/lib/gcc/x86_64-linux-gnu/4.8/../../.. -L/home/dsand/Install/llvm.release.install/bin/../lib -L/lib -L/usr/lib CMakeFiles/cmTC_0c6ed.dir/CMakeCXXCompilerABI.cpp.o -lstdc++ -lm -lgcc_s -lgcc -lc -lgcc_s -lgcc /usr/lib/gcc/x86_64-linux-gnu/4.8/crtend.o /usr/lib/gcc/x86_64-linux-gnu/4.8/../../../x86_64-linux-gnu/crtn.o]
    arg [/usr/bin/ld] ==> ignore
    arg [-zrelro] ==> ignore
    arg [--hash-style=gnu] ==> ignore
    arg [--eh-frame-hdr] ==> ignore
    arg [-m] ==> ignore
    arg [elf_x86_64] ==> ignore
    arg [-dynamic-linker] ==> ignore
    arg [/lib64/ld-linux-x86-64.so.2] ==> ignore
    arg [-o] ==> ignore
    arg [cmTC_0c6ed] ==> ignore
    arg [/usr/lib/gcc/x86_64-linux-gnu/4.8/../../../x86_64-linux-gnu/crt1.o] ==> ignore
    arg [/usr/lib/gcc/x86_64-linux-gnu/4.8/../../../x86_64-linux-gnu/crti.o] ==> ignore
    arg [/usr/lib/gcc/x86_64-linux-gnu/4.8/crtbegin.o] ==> ignore
    arg [-L/usr/lib/gcc/x86_64-linux-gnu/4.8] ==> dir [/usr/lib/gcc/x86_64-linux-gnu/4.8]
    arg [-L/usr/lib/gcc/x86_64-linux-gnu/4.8/../../../x86_64-linux-gnu] ==> dir [/usr/lib/gcc/x86_64-linux-gnu/4.8/../../../x86_64-linux-gnu]
    arg [-L/lib/x86_64-linux-gnu] ==> dir [/lib/x86_64-linux-gnu]
    arg [-L/lib/../lib64] ==> dir [/lib/../lib64]
    arg [-L/usr/lib/x86_64-linux-gnu] ==> dir [/usr/lib/x86_64-linux-gnu]
    arg [-L/usr/lib/gcc/x86_64-linux-gnu/4.8/../../..] ==> dir [/usr/lib/gcc/x86_64-linux-gnu/4.8/../../..]
    arg [-L/home/dsand/Install/llvm.release.install/bin/../lib] ==> dir [/home/dsand/Install/llvm.release.install/bin/../lib]
    arg [-L/lib] ==> dir [/lib]
    arg [-L/usr/lib] ==> dir [/usr/lib]
    arg [CMakeFiles/cmTC_0c6ed.dir/CMakeCXXCompilerABI.cpp.o] ==> ignore
    arg [-lstdc++] ==> lib [stdc++]
    arg [-lm] ==> lib [m]
    arg [-lgcc_s] ==> lib [gcc_s]
    arg [-lgcc] ==> lib [gcc]
    arg [-lc] ==> lib [c]
    arg [-lgcc_s] ==> lib [gcc_s]
    arg [-lgcc] ==> lib [gcc]
    arg [/usr/lib/gcc/x86_64-linux-gnu/4.8/crtend.o] ==> ignore
    arg [/usr/lib/gcc/x86_64-linux-gnu/4.8/../../../x86_64-linux-gnu/crtn.o] ==> ignore
  remove lib [gcc_s]
  remove lib [gcc]
  remove lib [gcc_s]
  remove lib [gcc]
  collapse library dir [/usr/lib/gcc/x86_64-linux-gnu/4.8] ==> [/usr/lib/gcc/x86_64-linux-gnu/4.8]
  collapse library dir [/usr/lib/gcc/x86_64-linux-gnu/4.8/../../../x86_64-linux-gnu] ==> [/usr/lib/x86_64-linux-gnu]
  collapse library dir [/lib/x86_64-linux-gnu] ==> [/lib/x86_64-linux-gnu]
  collapse library dir [/lib/../lib64] ==> [/lib64]
  collapse library dir [/usr/lib/x86_64-linux-gnu] ==> [/usr/lib/x86_64-linux-gnu]
  collapse library dir [/usr/lib/gcc/x86_64-linux-gnu/4.8/../../..] ==> [/usr/lib]
  collapse library dir [/home/dsand/Install/llvm.release.install/bin/../lib] ==> [/home/dsand/Install/llvm.release.install/lib]
  collapse library dir [/lib] ==> [/lib]
  collapse library dir [/usr/lib] ==> [/usr/lib]
  implicit libs: [stdc++;m;c]
  implicit dirs: [/usr/lib/gcc/x86_64-linux-gnu/4.8;/usr/lib/x86_64-linux-gnu;/lib/x86_64-linux-gnu;/lib64;/usr/lib;/home/dsand/Install/llvm.release.install/lib;/lib]
  implicit fwks: []




Detecting CXX [-std=c++14] compiler features compiled with the following output:
Change Dir: /home/dsand/Junk/test-suite/build/CMakeFiles/CMakeTmp

Run Build Command:"/usr/bin/make" "cmTC_13635/fast"
/usr/bin/make -f CMakeFiles/cmTC_13635.dir/build.make CMakeFiles/cmTC_13635.dir/build
make[1]: Entering directory `/home/dsand/Junk/test-suite/build/CMakeFiles/CMakeTmp'
Building CXX object CMakeFiles/cmTC_13635.dir/feature_tests.cxx.o
/home/dsand/Install/llvm.release.install/bin/clang++     -std=c++14 -o CMakeFiles/cmTC_13635.dir/feature_tests.cxx.o -c /home/dsand/Junk/test-suite/build/CMakeFiles/feature_tests.cxx
Linking CXX executable cmTC_13635
/home/dsand/Install/cmake/bin/cmake -E cmake_link_script CMakeFiles/cmTC_13635.dir/link.txt --verbose=1
/home/dsand/Install/llvm.release.install/bin/clang++        CMakeFiles/cmTC_13635.dir/feature_tests.cxx.o  -o cmTC_13635 
make[1]: Leaving directory `/home/dsand/Junk/test-suite/build/CMakeFiles/CMakeTmp'


    Feature record: CXX_FEATURE:1cxx_aggregate_default_initializers
    Feature record: CXX_FEATURE:1cxx_alias_templates
    Feature record: CXX_FEATURE:1cxx_alignas
    Feature record: CXX_FEATURE:1cxx_alignof
    Feature record: CXX_FEATURE:1cxx_attributes
    Feature record: CXX_FEATURE:1cxx_attribute_deprecated
    Feature record: CXX_FEATURE:1cxx_auto_type
    Feature record: CXX_FEATURE:1cxx_binary_literals
    Feature record: CXX_FEATURE:1cxx_constexpr
    Feature record: CXX_FEATURE:1cxx_contextual_conversions
    Feature record: CXX_FEATURE:1cxx_decltype
    Feature record: CXX_FEATURE:1cxx_decltype_auto
    Feature record: CXX_FEATURE:1cxx_decltype_incomplete_return_types
    Feature record: CXX_FEATURE:1cxx_default_function_template_args
    Feature record: CXX_FEATURE:1cxx_defaulted_functions
    Feature record: CXX_FEATURE:1cxx_defaulted_move_initializers
    Feature record: CXX_FEATURE:1cxx_delegating_constructors
    Feature record: CXX_FEATURE:1cxx_deleted_functions
    Feature record: CXX_FEATURE:1cxx_digit_separators
    Feature record: CXX_FEATURE:1cxx_enum_forward_declarations
    Feature record: CXX_FEATURE:1cxx_explicit_conversions
    Feature record: CXX_FEATURE:1cxx_extended_friend_declarations
    Feature record: CXX_FEATURE:1cxx_extern_templates
    Feature record: CXX_FEATURE:1cxx_final
    Feature record: CXX_FEATURE:1cxx_func_identifier
    Feature record: CXX_FEATURE:1cxx_generalized_initializers
    Feature record: CXX_FEATURE:1cxx_generic_lambdas
    Feature record: CXX_FEATURE:1cxx_inheriting_constructors
    Feature record: CXX_FEATURE:1cxx_inline_namespaces
    Feature record: CXX_FEATURE:1cxx_lambdas
    Feature record: CXX_FEATURE:1cxx_lambda_init_captures
    Feature record: CXX_FEATURE:1cxx_local_type_template_args
    Feature record: CXX_FEATURE:1cxx_long_long_type
    Feature record: CXX_FEATURE:1cxx_noexcept
    Feature record: CXX_FEATURE:1cxx_nonstatic_member_init
    Feature record: CXX_FEATURE:1cxx_nullptr
    Feature record: CXX_FEATURE:1cxx_override
    Feature record: CXX_FEATURE:1cxx_range_for
    Feature record: CXX_FEATURE:1cxx_raw_string_literals
    Feature record: CXX_FEATURE:1cxx_reference_qualified_functions
    Feature record: CXX_FEATURE:1cxx_relaxed_constexpr
    Feature record: CXX_FEATURE:1cxx_return_type_deduction
    Feature record: CXX_FEATURE:1cxx_right_angle_brackets
    Feature record: CXX_FEATURE:1cxx_rvalue_references
    Feature record: CXX_FEATURE:1cxx_sizeof_member
    Feature record: CXX_FEATURE:1cxx_static_assert
    Feature record: CXX_FEATURE:1cxx_strong_enums
    Feature record: CXX_FEATURE:1cxx_template_template_parameters
    Feature record: CXX_FEATURE:1cxx_thread_local
    Feature record: CXX_FEATURE:1cxx_trailing_return_types
    Feature record: CXX_FEATURE:1cxx_unicode_literals
    Feature record: CXX_FEATURE:1cxx_uniform_initialization
    Feature record: CXX_FEATURE:1cxx_unrestricted_unions
    Feature record: CXX_FEATURE:1cxx_user_literals
    Feature record: CXX_FEATURE:1cxx_variable_templates
    Feature record: CXX_FEATURE:1cxx_variadic_macros
    Feature record: CXX_FEATURE:1cxx_variadic_templates


Detecting CXX [-std=c++11] compiler features compiled with the following output:
Change Dir: /home/dsand/Junk/test-suite/build/CMakeFiles/CMakeTmp

Run Build Command:"/usr/bin/make" "cmTC_ab687/fast"
/usr/bin/make -f CMakeFiles/cmTC_ab687.dir/build.make CMakeFiles/cmTC_ab687.dir/build
make[1]: Entering directory `/home/dsand/Junk/test-suite/build/CMakeFiles/CMakeTmp'
Building CXX object CMakeFiles/cmTC_ab687.dir/feature_tests.cxx.o
/home/dsand/Install/llvm.release.install/bin/clang++     -std=c++11 -o CMakeFiles/cmTC_ab687.dir/feature_tests.cxx.o -c /home/dsand/Junk/test-suite/build/CMakeFiles/feature_tests.cxx
Linking CXX executable cmTC_ab687
/home/dsand/Install/cmake/bin/cmake -E cmake_link_script CMakeFiles/cmTC_ab687.dir/link.txt --verbose=1
/home/dsand/Install/llvm.release.install/bin/clang++        CMakeFiles/cmTC_ab687.dir/feature_tests.cxx.o  -o cmTC_ab687 
make[1]: Leaving directory `/home/dsand/Junk/test-suite/build/CMakeFiles/CMakeTmp'


    Feature record: CXX_FEATURE:0cxx_aggregate_default_initializers
    Feature record: CXX_FEATURE:1cxx_alias_templates
    Feature record: CXX_FEATURE:1cxx_alignas
    Feature record: CXX_FEATURE:1cxx_alignof
    Feature record: CXX_FEATURE:1cxx_attributes
    Feature record: CXX_FEATURE:0cxx_attribute_deprecated
    Feature record: CXX_FEATURE:1cxx_auto_type
    Feature record: CXX_FEATURE:0cxx_binary_literals
    Feature record: CXX_FEATURE:1cxx_constexpr
    Feature record: CXX_FEATURE:0cxx_contextual_conversions
    Feature record: CXX_FEATURE:1cxx_decltype
    Feature record: CXX_FEATURE:0cxx_decltype_auto
    Feature record: CXX_FEATURE:1cxx_decltype_incomplete_return_types
    Feature record: CXX_FEATURE:1cxx_default_function_template_args
    Feature record: CXX_FEATURE:1cxx_defaulted_functions
    Feature record: CXX_FEATURE:1cxx_defaulted_move_initializers
    Feature record: CXX_FEATURE:1cxx_delegating_constructors
    Feature record: CXX_FEATURE:1cxx_deleted_functions
    Feature record: CXX_FEATURE:0cxx_digit_separators
    Feature record: CXX_FEATURE:1cxx_enum_forward_declarations
    Feature record: CXX_FEATURE:1cxx_explicit_conversions
    Feature record: CXX_FEATURE:1cxx_extended_friend_declarations
    Feature record: CXX_FEATURE:1cxx_extern_templates
    Feature record: CXX_FEATURE:1cxx_final
    Feature record: CXX_FEATURE:1cxx_func_identifier
    Feature record: CXX_FEATURE:1cxx_generalized_initializers
    Feature record: CXX_FEATURE:0cxx_generic_lambdas
    Feature record: CXX_FEATURE:1cxx_inheriting_constructors
    Feature record: CXX_FEATURE:1cxx_inline_namespaces
    Feature record: CXX_FEATURE:1cxx_lambdas
    Feature record: CXX_FEATURE:0cxx_lambda_init_captures
    Feature record: CXX_FEATURE:1cxx_local_type_template_args
    Feature record: CXX_FEATURE:1cxx_long_long_type
    Feature record: CXX_FEATURE:1cxx_noexcept
    Feature record: CXX_FEATURE:1cxx_nonstatic_member_init
    Feature record: CXX_FEATURE:1cxx_nullptr
    Feature record: CXX_FEATURE:1cxx_override
    Feature record: CXX_FEATURE:1cxx_range_for
    Feature record: CXX_FEATURE:1cxx_raw_string_literals
    Feature record: CXX_FEATURE:1cxx_reference_qualified_functions
    Feature record: CXX_FEATURE:0cxx_relaxed_constexpr
    Feature record: CXX_FEATURE:0cxx_return_type_deduction
    Feature record: CXX_FEATURE:1cxx_right_angle_brackets
    Feature record: CXX_FEATURE:1cxx_rvalue_references
    Feature record: CXX_FEATURE:1cxx_sizeof_member
    Feature record: CXX_FEATURE:1cxx_static_assert
    Feature record: CXX_FEATURE:1cxx_strong_enums
    Feature record: CXX_FEATURE:1cxx_template_template_parameters
    Feature record: CXX_FEATURE:1cxx_thread_local
    Feature record: CXX_FEATURE:1cxx_trailing_return_types
    Feature record: CXX_FEATURE:1cxx_unicode_literals
    Feature record: CXX_FEATURE:1cxx_uniform_initialization
    Feature record: CXX_FEATURE:1cxx_unrestricted_unions
    Feature record: CXX_FEATURE:1cxx_user_literals
    Feature record: CXX_FEATURE:0cxx_variable_templates
    Feature record: CXX_FEATURE:1cxx_variadic_macros
    Feature record: CXX_FEATURE:1cxx_variadic_templates


Detecting CXX [-std=c++98] compiler features compiled with the following output:
Change Dir: /home/dsand/Junk/test-suite/build/CMakeFiles/CMakeTmp

Run Build Command:"/usr/bin/make" "cmTC_d962f/fast"
/usr/bin/make -f CMakeFiles/cmTC_d962f.dir/build.make CMakeFiles/cmTC_d962f.dir/build
make[1]: Entering directory `/home/dsand/Junk/test-suite/build/CMakeFiles/CMakeTmp'
Building CXX object CMakeFiles/cmTC_d962f.dir/feature_tests.cxx.o
/home/dsand/Install/llvm.release.install/bin/clang++     -std=c++98 -o CMakeFiles/cmTC_d962f.dir/feature_tests.cxx.o -c /home/dsand/Junk/test-suite/build/CMakeFiles/feature_tests.cxx
Linking CXX executable cmTC_d962f
/home/dsand/Install/cmake/bin/cmake -E cmake_link_script CMakeFiles/cmTC_d962f.dir/link.txt --verbose=1
/home/dsand/Install/llvm.release.install/bin/clang++        CMakeFiles/cmTC_d962f.dir/feature_tests.cxx.o  -o cmTC_d962f 
make[1]: Leaving directory `/home/dsand/Junk/test-suite/build/CMakeFiles/CMakeTmp'


    Feature record: CXX_FEATURE:0cxx_aggregate_default_initializers
    Feature record: CXX_FEATURE:0cxx_alias_templates
    Feature record: CXX_FEATURE:0cxx_alignas
    Feature record: CXX_FEATURE:0cxx_alignof
    Feature record: CXX_FEATURE:0cxx_attributes
    Feature record: CXX_FEATURE:0cxx_attribute_deprecated
    Feature record: CXX_FEATURE:0cxx_auto_type
    Feature record: CXX_FEATURE:0cxx_binary_literals
    Feature record: CXX_FEATURE:0cxx_constexpr
    Feature record: CXX_FEATURE:0cxx_contextual_conversions
    Feature record: CXX_FEATURE:0cxx_decltype
    Feature record: CXX_FEATURE:0cxx_decltype_auto
    Feature record: CXX_FEATURE:0cxx_decltype_incomplete_return_types
    Feature record: CXX_FEATURE:0cxx_default_function_template_args
    Feature record: CXX_FEATURE:0cxx_defaulted_functions
    Feature record: CXX_FEATURE:0cxx_defaulted_move_initializers
    Feature record: CXX_FEATURE:0cxx_delegating_constructors
    Feature record: CXX_FEATURE:0cxx_deleted_functions
    Feature record: CXX_FEATURE:0cxx_digit_separators
    Feature record: CXX_FEATURE:0cxx_enum_forward_declarations
    Feature record: CXX_FEATURE:0cxx_explicit_conversions
    Feature record: CXX_FEATURE:0cxx_extended_friend_declarations
    Feature record: CXX_FEATURE:0cxx_extern_templates
    Feature record: CXX_FEATURE:0cxx_final
    Feature record: CXX_FEATURE:0cxx_func_identifier
    Feature record: CXX_FEATURE:0cxx_generalized_initializers
    Feature record: CXX_FEATURE:0cxx_generic_lambdas
    Feature record: CXX_FEATURE:0cxx_inheriting_constructors
    Feature record: CXX_FEATURE:0cxx_inline_namespaces
    Feature record: CXX_FEATURE:0cxx_lambdas
    Feature record: CXX_FEATURE:0cxx_lambda_init_captures
    Feature record: CXX_FEATURE:0cxx_local_type_template_args
    Feature record: CXX_FEATURE:0cxx_long_long_type
    Feature record: CXX_FEATURE:0cxx_noexcept
    Feature record: CXX_FEATURE:0cxx_nonstatic_member_init
    Feature record: CXX_FEATURE:0cxx_nullptr
    Feature record: CXX_FEATURE:0cxx_override
    Feature record: CXX_FEATURE:0cxx_range_for
    Feature record: CXX_FEATURE:0cxx_raw_string_literals
    Feature record: CXX_FEATURE:0cxx_reference_qualified_functions
    Feature record: CXX_FEATURE:0cxx_relaxed_constexpr
    Feature record: CXX_FEATURE:0cxx_return_type_deduction
    Feature record: CXX_FEATURE:0cxx_right_angle_brackets
    Feature record: CXX_FEATURE:0cxx_rvalue_references
    Feature record: CXX_FEATURE:0cxx_sizeof_member
    Feature record: CXX_FEATURE:0cxx_static_assert
    Feature record: CXX_FEATURE:0cxx_strong_enums
    Feature record: CXX_FEATURE:1cxx_template_template_parameters
    Feature record: CXX_FEATURE:0cxx_thread_local
    Feature record: CXX_FEATURE:0cxx_trailing_return_types
    Feature record: CXX_FEATURE:0cxx_unicode_literals
    Feature record: CXX_FEATURE:0cxx_uniform_initialization
    Feature record: CXX_FEATURE:0cxx_unrestricted_unions
    Feature record: CXX_FEATURE:0cxx_user_literals
    Feature record: CXX_FEATURE:0cxx_variable_templates
    Feature record: CXX_FEATURE:0cxx_variadic_macros
    Feature record: CXX_FEATURE:0cxx_variadic_templates
Determining if the include file sys/types.h exists passed with the following output:
Change Dir: /home/dsand/Junk/test-suite/build/CMakeFiles/CMakeTmp

Run Build Command:"/usr/bin/make" "cmTC_cddb3/fast"
/usr/bin/make -f CMakeFiles/cmTC_cddb3.dir/build.make CMakeFiles/cmTC_cddb3.dir/build
make[1]: Entering directory `/home/dsand/Junk/test-suite/build/CMakeFiles/CMakeTmp'
Building C object CMakeFiles/cmTC_cddb3.dir/CheckIncludeFile.c.o
/home/dsand/Install/llvm.release.install/bin/clang     -o CMakeFiles/cmTC_cddb3.dir/CheckIncludeFile.c.o   -c /home/dsand/Junk/test-suite/build/CMakeFiles/CMakeTmp/CheckIncludeFile.c
Linking C executable cmTC_cddb3
/home/dsand/Install/cmake/bin/cmake -E cmake_link_script CMakeFiles/cmTC_cddb3.dir/link.txt --verbose=1
/home/dsand/Install/llvm.release.install/bin/clang           CMakeFiles/cmTC_cddb3.dir/CheckIncludeFile.c.o  -o cmTC_cddb3 
make[1]: Leaving directory `/home/dsand/Junk/test-suite/build/CMakeFiles/CMakeTmp'


Determining if the include file stdint.h exists passed with the following output:
Change Dir: /home/dsand/Junk/test-suite/build/CMakeFiles/CMakeTmp

Run Build Command:"/usr/bin/make" "cmTC_f6dbf/fast"
/usr/bin/make -f CMakeFiles/cmTC_f6dbf.dir/build.make CMakeFiles/cmTC_f6dbf.dir/build
make[1]: Entering directory `/home/dsand/Junk/test-suite/build/CMakeFiles/CMakeTmp'
Building C object CMakeFiles/cmTC_f6dbf.dir/CheckIncludeFile.c.o
/home/dsand/Install/llvm.release.install/bin/clang     -o CMakeFiles/cmTC_f6dbf.dir/CheckIncludeFile.c.o   -c /home/dsand/Junk/test-suite/build/CMakeFiles/CMakeTmp/CheckIncludeFile.c
Linking C executable cmTC_f6dbf
/home/dsand/Install/cmake/bin/cmake -E cmake_link_script CMakeFiles/cmTC_f6dbf.dir/link.txt --verbose=1
/home/dsand/Install/llvm.release.install/bin/clang           CMakeFiles/cmTC_f6dbf.dir/CheckIncludeFile.c.o  -o cmTC_f6dbf 
make[1]: Leaving directory `/home/dsand/Junk/test-suite/build/CMakeFiles/CMakeTmp'


Determining if the include file stddef.h exists passed with the following output:
Change Dir: /home/dsand/Junk/test-suite/build/CMakeFiles/CMakeTmp

Run Build Command:"/usr/bin/make" "cmTC_13591/fast"
/usr/bin/make -f CMakeFiles/cmTC_13591.dir/build.make CMakeFiles/cmTC_13591.dir/build
make[1]: Entering directory `/home/dsand/Junk/test-suite/build/CMakeFiles/CMakeTmp'
Building C object CMakeFiles/cmTC_13591.dir/CheckIncludeFile.c.o
/home/dsand/Install/llvm.release.install/bin/clang     -o CMakeFiles/cmTC_13591.dir/CheckIncludeFile.c.o   -c /home/dsand/Junk/test-suite/build/CMakeFiles/CMakeTmp/CheckIncludeFile.c
Linking C executable cmTC_13591
/home/dsand/Install/cmake/bin/cmake -E cmake_link_script CMakeFiles/cmTC_13591.dir/link.txt --verbose=1
/home/dsand/Install/llvm.release.install/bin/clang           CMakeFiles/cmTC_13591.dir/CheckIncludeFile.c.o  -o cmTC_13591 
make[1]: Leaving directory `/home/dsand/Junk/test-suite/build/CMakeFiles/CMakeTmp'


Determining size of unsigned short passed with the following output:
Change Dir: /home/dsand/Junk/test-suite/build/CMakeFiles/CMakeTmp

Run Build Command:"/usr/bin/make" "cmTC_67f6d/fast"
/usr/bin/make -f CMakeFiles/cmTC_67f6d.dir/build.make CMakeFiles/cmTC_67f6d.dir/build
make[1]: Entering directory `/home/dsand/Junk/test-suite/build/CMakeFiles/CMakeTmp'
Building C object CMakeFiles/cmTC_67f6d.dir/CMAKE_SIZEOF_UNSIGNED_SHORT.c.o
/home/dsand/Install/llvm.release.install/bin/clang     -o CMakeFiles/cmTC_67f6d.dir/CMAKE_SIZEOF_UNSIGNED_SHORT.c.o   -c /home/dsand/Junk/test-suite/build/CMakeFiles/CheckTypeSize/CMAKE_SIZEOF_UNSIGNED_SHORT.c
Linking C executable cmTC_67f6d
/home/dsand/Install/cmake/bin/cmake -E cmake_link_script CMakeFiles/cmTC_67f6d.dir/link.txt --verbose=1
/home/dsand/Install/llvm.release.install/bin/clang           CMakeFiles/cmTC_67f6d.dir/CMAKE_SIZEOF_UNSIGNED_SHORT.c.o  -o cmTC_67f6d 
make[1]: Leaving directory `/home/dsand/Junk/test-suite/build/CMakeFiles/CMakeTmp'


Determining if the system is big endian passed with the following output:
Change Dir: /home/dsand/Junk/test-suite/build/CMakeFiles/CMakeTmp

Run Build Command:"/usr/bin/make" "cmTC_13297/fast"
/usr/bin/make -f CMakeFiles/cmTC_13297.dir/build.make CMakeFiles/cmTC_13297.dir/build
make[1]: Entering directory `/home/dsand/Junk/test-suite/build/CMakeFiles/CMakeTmp'
Building C object CMakeFiles/cmTC_13297.dir/TestEndianess.c.o
/home/dsand/Install/llvm.release.install/bin/clang     -o CMakeFiles/cmTC_13297.dir/TestEndianess.c.o   -c /home/dsand/Junk/test-suite/build/CMakeFiles/CMakeTmp/TestEndianess.c
Linking C executable cmTC_13297
/home/dsand/Install/cmake/bin/cmake -E cmake_link_script CMakeFiles/cmTC_13297.dir/link.txt --verbose=1
/home/dsand/Install/llvm.release.install/bin/clang           CMakeFiles/cmTC_13297.dir/TestEndianess.c.o  -o cmTC_13297 
make[1]: Leaving directory `/home/dsand/Junk/test-suite/build/CMakeFiles/CMakeTmp'

TestEndianess.c:
/* A 16 bit integer is required. */
typedef unsigned short cmakeint16;

/* On a little endian machine, these 16bit ints will give "THIS IS LITTLE ENDIAN."
   On a big endian machine the characters will be exchanged pairwise. */
const cmakeint16 info_little[] =  {0x4854, 0x5349, 0x4920, 0x2053, 0x494c, 0x5454, 0x454c, 0x4520, 0x444e, 0x4149, 0x2e4e, 0x0000};

/* on a big endian machine, these 16bit ints will give "THIS IS BIG ENDIAN."
   On a little endian machine the characters will be exchanged pairwise. */
const cmakeint16 info_big[] =     {0x5448, 0x4953, 0x2049, 0x5320, 0x4249, 0x4720, 0x454e, 0x4449, 0x414e, 0x2e2e, 0x0000};

#ifdef __CLASSIC_C__
int main(argc, argv) int argc; char *argv[];
#else
int main(int argc, char *argv[])
#endif
{
  int require = 0;
  require += info_little[argc];
  require += info_big[argc];
  (void)argv;
  return require;
}


Determining if the function re_comp exists passed with the following output:
Change Dir: /home/dsand/Junk/test-suite/build/CMakeFiles/CMakeTmp

Run Build Command:"/usr/bin/make" "cmTC_2cbe4/fast"
/usr/bin/make -f CMakeFiles/cmTC_2cbe4.dir/build.make CMakeFiles/cmTC_2cbe4.dir/build
make[1]: Entering directory `/home/dsand/Junk/test-suite/build/CMakeFiles/CMakeTmp'
Building C object CMakeFiles/cmTC_2cbe4.dir/CheckFunctionExists.c.o
/home/dsand/Install/llvm.release.install/bin/clang    -DCHECK_FUNCTION_EXISTS=re_comp   -o CMakeFiles/cmTC_2cbe4.dir/CheckFunctionExists.c.o   -c /home/dsand/Install/cmake/share/cmake-3.6/Modules/CheckFunctionExists.c
Linking C executable cmTC_2cbe4
/home/dsand/Install/cmake/bin/cmake -E cmake_link_script CMakeFiles/cmTC_2cbe4.dir/link.txt --verbose=1
/home/dsand/Install/llvm.release.install/bin/clang     -DCHECK_FUNCTION_EXISTS=re_comp      CMakeFiles/cmTC_2cbe4.dir/CheckFunctionExists.c.o  -o cmTC_2cbe4 
make[1]: Leaving directory `/home/dsand/Junk/test-suite/build/CMakeFiles/CMakeTmp'


